0 info it worked if it ends with ok
1 verbose cli [ 'node', '/usr/local/bin/npm', 'publish' ]
2 info using npm@3.5.1
3 info using node@v0.12.9
4 verbose node symlink /usr/bin/node
5 verbose publish [ '.' ]
6 silly cache add args [ '.', null ]
7 verbose cache add spec .
8 silly cache add parsed spec { raw: '.',
8 silly cache add   scope: null,
8 silly cache add   name: null,
8 silly cache add   rawSpec: '.',
8 silly cache add   spec: '/home/school-girl/instamojo-node',
8 silly cache add   type: 'directory' }
9 verbose addLocalDirectory /home/school-girl/.npm/instamojo-node/1.0.0/package.tgz not in flight; packing
10 info lifecycle instamojo-node@1.0.0~prepublish: instamojo-node@1.0.0
11 silly lifecycle instamojo-node@1.0.0~prepublish: no script for prepublish, continuing
12 verbose tar pack [ '/home/school-girl/.npm/instamojo-node/1.0.0/package.tgz',
12 verbose tar pack   '/home/school-girl/instamojo-node' ]
13 verbose tarball /home/school-girl/.npm/instamojo-node/1.0.0/package.tgz
14 verbose folder /home/school-girl/instamojo-node
15 verbose addLocalTarball adding from inside cache /home/school-girl/.npm/instamojo-node/1.0.0/package.tgz
16 silly cache afterAdd instamojo-node@1.0.0
17 verbose afterAdd /home/school-girl/.npm/instamojo-node/1.0.0/package/package.json not in flight; writing
18 verbose afterAdd /home/school-girl/.npm/instamojo-node/1.0.0/package/package.json written
19 silly publish { name: 'instamojo-node',
19 silly publish   version: '1.0.0',
19 silly publish   description: 'node library for Instamojo API',
19 silly publish   main: 'lib.js',
19 silly publish   scripts: { test: 'echo "Error: no test specified" && exit 1' },
19 silly publish   keywords: [ 'instamojo', 'node' ],
19 silly publish   author: { name: 'schoolboy', email: 'rbalajis25@gmail.com' },
19 silly publish   license: 'ISC',
19 silly publish   readme: 'ERROR: No README data found!',
19 silly publish   _id: 'instamojo-node@1.0.0',
19 silly publish   _shasum: 'c0189e533bf23abadea2e7ab4c1582ee7af29847',
19 silly publish   _from: '.' }
20 verbose getPublishConfig undefined
21 silly mapToRegistry name instamojo-node
22 silly mapToRegistry using default registry
23 silly mapToRegistry registry https://registry.npmjs.org/
24 silly mapToRegistry uri https://registry.npmjs.org/instamojo-node
25 verbose publish registryBase https://registry.npmjs.org/
26 silly publish uploading /home/school-girl/.npm/instamojo-node/1.0.0/package.tgz
27 verbose stack Error: auth required for publishing
27 verbose stack     at CachingRegistryClient.publish (/usr/local/lib/node_modules/npm/node_modules/npm-registry-client/lib/publish.js:30:14)
27 verbose stack     at /usr/local/lib/node_modules/npm/lib/publish.js:137:14
27 verbose stack     at mapToRegistry (/usr/local/lib/node_modules/npm/lib/utils/map-to-registry.js:55:3)
27 verbose stack     at publish_ (/usr/local/lib/node_modules/npm/lib/publish.js:106:3)
27 verbose stack     at Array.<anonymous> (/usr/local/lib/node_modules/npm/node_modules/slide/lib/bind-actor.js:15:8)
27 verbose stack     at LOOP (/usr/local/lib/node_modules/npm/node_modules/slide/lib/chain.js:15:14)
27 verbose stack     at LOOP (/usr/local/lib/node_modules/npm/node_modules/slide/lib/chain.js:14:28)
27 verbose stack     at chain (/usr/local/lib/node_modules/npm/node_modules/slide/lib/chain.js:20:5)
27 verbose stack     at /usr/local/lib/node_modules/npm/lib/publish.js:72:5
27 verbose stack     at RES (/usr/local/lib/node_modules/npm/node_modules/inflight/inflight.js:23:14)
28 verbose cwd /home/school-girl/instamojo-node
29 error Linux 4.2.0-19-generic
30 error argv "node" "/usr/local/bin/npm" "publish"
31 error node v0.12.9
32 error npm  v3.5.1
33 error code ENEEDAUTH
34 error need auth auth required for publishing
35 error need auth You need to authorize this machine using `npm adduser`
36 verbose exit [ 1, true ]
